# JRE version: Java(TM) SE Runtime Environment (8.0_45-b14) (build 1.8.0_45-b14)
# Java VM: Java HotSpot(TM) 64-Bit Server VM (25.45-b02 mixed mode windows-amd64 compressed oops)
Heap:
 PSYoungGen      total 294400K, used 5183K [0x00000000eab00000, 0x0000000100000000, 0x0000000100000000)
  eden space 275968K, 0% used [0x00000000eab00000,0x00000000eab00000,0x00000000fb880000)
  from space 18432K, 28% used [0x00000000fb880000,0x00000000fbd8fd08,0x00000000fca80000)
  to   space 17920K, 0% used [0x00000000fee80000,0x00000000fee80000,0x0000000100000000)
 ParOldGen       total 43008K, used 35009K [0x00000000c0000000, 0x00000000c2a00000, 0x00000000eab00000)
  object space 43008K, 81% used [0x00000000c0000000,0x00000000c2230468,0x00000000c2a00000)
 Metaspace       used 47683K, capacity 48868K, committed 49152K, reserved 1091584K
  class space    used 6506K, capacity 6812K, committed 6912K, reserved 1048576K
GC Heap History (10 events):
Event: 19.461 GC heap after
Heap after GC invocations=9 (full 1):
 PSYoungGen      total 195072K, used 10721K [0x00000000eab00000, 0x00000000f7880000, 0x0000000100000000)
  eden space 184320K, 0% used [0x00000000eab00000,0x00000000eab00000,0x00000000f5f00000)
  from space 10752K, 99% used [0x00000000f6b80000,0x00000000f75f86b0,0x00000000f7600000)
  to   space 12800K, 0% used [0x00000000f5f00000,0x00000000f5f00000,0x00000000f6b80000)
 ParOldGen       total 34304K, used 14482K [0x00000000c0000000, 0x00000000c2180000, 0x00000000eab00000)
  object space 34304K, 42% used [0x00000000c0000000,0x00000000c0e24978,0x00000000c2180000)
 Metaspace       used 32515K, capacity 33120K, committed 33280K, reserved 1077248K
  class space    used 4382K, capacity 4582K, committed 4608K, reserved 1048576K
}
Event: 20.272 GC heap before
{Heap before GC invocations=10 (full 1):
 PSYoungGen      total 195072K, used 56319K [0x00000000eab00000, 0x00000000f7880000, 0x0000000100000000)
  eden space 184320K, 24% used [0x00000000eab00000,0x00000000ed787628,0x00000000f5f00000)
  from space 10752K, 99% used [0x00000000f6b80000,0x00000000f75f86b0,0x00000000f7600000)
  to   space 12800K, 0% used [0x00000000f5f00000,0x00000000f5f00000,0x00000000f6b80000)
 ParOldGen       total 34304K, used 14482K [0x00000000c0000000, 0x00000000c2180000, 0x00000000eab00000)
  object space 34304K, 42% used [0x00000000c0000000,0x00000000c0e24978,0x00000000c2180000)
 Metaspace       used 34731K, capacity 35326K, committed 35496K, reserved 1079296K
  class space    used 4684K, capacity 4846K, committed 4864K, reserved 1048576K
Event: 20.496 GC heap after
Heap after GC invocations=10 (full 1):
 PSYoungGen      total 197120K, used 12791K [0x00000000eab00000, 0x00000000fdc80000, 0x0000000100000000)
  eden space 184320K, 0% used [0x00000000eab00000,0x00000000eab00000,0x00000000f5f00000)
  from space 12800K, 99% used [0x00000000f5f00000,0x00000000f6b7dd70,0x00000000f6b80000)
  to   space 14848K, 0% used [0x00000000fce00000,0x00000000fce00000,0x00000000fdc80000)
 ParOldGen       total 34304K, used 14482K [0x00000000c0000000, 0x00000000c2180000, 0x00000000eab00000)
  object space 34304K, 42% used [0x00000000c0000000,0x00000000c0e24978,0x00000000c2180000)
 Metaspace       used 34731K, capacity 35326K, committed 35496K, reserved 1079296K
  class space    used 4684K, capacity 4846K, committed 4864K, reserved 1048576K
}
Event: 20.496 GC heap before
{Heap before GC invocations=11 (full 2):
 PSYoungGen      total 197120K, used 12791K [0x00000000eab00000, 0x00000000fdc80000, 0x0000000100000000)
  eden space 184320K, 0% used [0x00000000eab00000,0x00000000eab00000,0x00000000f5f00000)
  from space 12800K, 99% used [0x00000000f5f00000,0x00000000f6b7dd70,0x00000000f6b80000)
  to   space 14848K, 0% used [0x00000000fce00000,0x00000000fce00000,0x00000000fdc80000)
 ParOldGen       total 34304K, used 14482K [0x00000000c0000000, 0x00000000c2180000, 0x00000000eab00000)
  object space 34304K, 42% used [0x00000000c0000000,0x00000000c0e24978,0x00000000c2180000)
 Metaspace       used 34731K, capacity 35326K, committed 35496K, reserved 1079296K
  class space    used 4684K, capacity 4846K, committed 4864K, reserved 1048576K
Event: 21.124 GC heap after
Heap after GC invocations=11 (full 2):
 PSYoungGen      total 197120K, used 0K [0x00000000eab00000, 0x00000000fdc80000, 0x0000000100000000)
  eden space 184320K, 0% used [0x00000000eab00000,0x00000000eab00000,0x00000000f5f00000)
  from space 12800K, 0% used [0x00000000f5f00000,0x00000000f5f00000,0x00000000f6b80000)
  to   space 14848K, 0% used [0x00000000fce00000,0x00000000fce00000,0x00000000fdc80000)
 ParOldGen       total 43008K, used 20251K [0x00000000c0000000, 0x00000000c2a00000, 0x00000000eab00000)
  object space 43008K, 47% used [0x00000000c0000000,0x00000000c13c6f28,0x00000000c2a00000)
 Metaspace       used 34731K, capacity 35326K, committed 35496K, reserved 1079296K
  class space    used 4684K, capacity 4846K, committed 4864K, reserved 1048576K
}
Event: 37.781 GC heap before
{Heap before GC invocations=12 (full 2):
 PSYoungGen      total 197120K, used 184320K [0x00000000eab00000, 0x00000000fdc80000, 0x0000000100000000)
  eden space 184320K, 100% used [0x00000000eab00000,0x00000000f5f00000,0x00000000f5f00000)
  from space 12800K, 0% used [0x00000000f5f00000,0x00000000f5f00000,0x00000000f6b80000)
  to   space 14848K, 0% used [0x00000000fce00000,0x00000000fce00000,0x00000000fdc80000)
 ParOldGen       total 43008K, used 20251K [0x00000000c0000000, 0x00000000c2a00000, 0x00000000eab00000)
  object space 43008K, 47% used [0x00000000c0000000,0x00000000c13c6f28,0x00000000c2a00000)
 Metaspace       used 43627K, capacity 44522K, committed 44672K, reserved 1087488K
  class space    used 5981K, capacity 6219K, committed 6272K, reserved 1048576K
Event: 37.944 GC heap after
Heap after GC invocations=12 (full 2):
 PSYoungGen      total 281088K, used 14822K [0x00000000eab00000, 0x00000000fdc80000, 0x0000000100000000)
  eden space 266240K, 0% used [0x00000000eab00000,0x00000000eab00000,0x00000000faf00000)
  from space 14848K, 99% used [0x00000000fce00000,0x00000000fdc799c0,0x00000000fdc80000)
  to   space 18432K, 0% used [0x00000000fb880000,0x00000000fb880000,0x00000000fca80000)
 ParOldGen       total 43008K, used 23149K [0x00000000c0000000, 0x00000000c2a00000, 0x00000000eab00000)
  object space 43008K, 53% used [0x00000000c0000000,0x00000000c169b638,0x00000000c2a00000)
 Metaspace       used 43627K, capacity 44522K, committed 44672K, reserved 1087488K
  class space    used 5981K, capacity 6219K, committed 6272K, reserved 1048576K
}
Event: 54.544 GC heap before
{Heap before GC invocations=13 (full 2):
 PSYoungGen      total 281088K, used 281062K [0x00000000eab00000, 0x00000000fdc80000, 0x0000000100000000)
  eden space 266240K, 100% used [0x00000000eab00000,0x00000000faf00000,0x00000000faf00000)
  from space 14848K, 99% used [0x00000000fce00000,0x00000000fdc799c0,0x00000000fdc80000)
  to   space 18432K, 0% used [0x00000000fb880000,0x00000000fb880000,0x00000000fca80000)
 ParOldGen       total 43008K, used 23149K [0x00000000c0000000, 0x00000000c2a00000, 0x00000000eab00000)
  object space 43008K, 53% used [0x00000000c0000000,0x00000000c169b638,0x00000000c2a00000)
 Metaspace       used 47683K, capacity 48868K, committed 49152K, reserved 1091584K
  class space    used 6506K, capacity 6812K, committed 6912K, reserved 1048576K
Event: 54.652 GC heap after
Heap after GC invocations=13 (full 2):
 PSYoungGen      total 294400K, used 5183K [0x00000000eab00000, 0x0000000100000000, 0x0000000100000000)
  eden space 275968K, 0% used [0x00000000eab00000,0x00000000eab00000,0x00000000fb880000)
  from space 18432K, 28% used [0x00000000fb880000,0x00000000fbd8fd08,0x00000000fca80000)
  to   space 17920K, 0% used [0x00000000fee80000,0x00000000fee80000,0x0000000100000000)
 ParOldGen       total 43008K, used 35009K [0x00000000c0000000, 0x00000000c2a00000, 0x00000000eab00000)
  object space 43008K, 81% used [0x00000000c0000000,0x00000000c2230468,0x00000000c2a00000)
 Metaspace       used 47683K, capacity 48868K, committed 49152K, reserved 1091584K
  class space    used 6506K, capacity 6812K, committed 6912K, reserved 1048576K
}
Event: 54.652 GC heap before
{Heap before GC invocations=14 (full 3):
 PSYoungGen      total 294400K, used 5183K [0x00000000eab00000, 0x0000000100000000, 0x0000000100000000)
  eden space 275968K, 0% used [0x00000000eab00000,0x00000000eab00000,0x00000000fb880000)
  from space 18432K, 28% used [0x00000000fb880000,0x00000000fbd8fd08,0x00000000fca80000)
  to   space 17920K, 0% used [0x00000000fee80000,0x00000000fee80000,0x0000000100000000)
 ParOldGen       total 43008K, used 35009K [0x00000000c0000000, 0x00000000c2a00000, 0x00000000eab00000)
  object space 43008K, 81% used [0x00000000c0000000,0x00000000c2230468,0x00000000c2a00000)
 Metaspace       used 47683K, capacity 48868K, committed 49152K, reserved 1091584K
  class space    used 6506K, capacity 6812K, committed 6912K, reserved 1048576K

